<?xml version="1.0" encoding="UTF-8"?>
<!-- Generated by org.testng.reporters.JUnitXMLReporter -->
<testsuite hostname="a" name="Motorcycle" tests="95" failures="3" timestamp="27 Aug 2020 07:05:38 GMT" time="105.059" errors="0">
  <testcase name="verifyAnnualMileageSelection" time="2.19" classname="testScripts.Motorcycle.EnterVehicleData"/>
  <testcase name="verifyCylinderCapacitySelection" time="1.194" classname="testScripts.Motorcycle.EnterVehicleData"/>
  <testcase name="verifyDateOfmanufacture" time="1.199" classname="testScripts.Motorcycle.EnterVehicleData"/>
  <testcase name="verifyEnginePerformanceSelection" time="1.267" classname="testScripts.Motorcycle.EnterVehicleData"/>
  <testcase name="verifyIsAnnualMileageVisible" time="0.035" classname="testScripts.Motorcycle.EnterVehicleData"/>
  <testcase name="verifyIsAnnualMileagetext" time="0.077" classname="testScripts.Motorcycle.EnterVehicleData"/>
  <testcase name="verifyIsCylinderCapacityVisible" time="0.045" classname="testScripts.Motorcycle.EnterVehicleData"/>
  <testcase name="verifyIsCylinderCapacitytext" time="0.067" classname="testScripts.Motorcycle.EnterVehicleData"/>
  <testcase name="verifyIsDateOfManufacturetext" time="0.058" classname="testScripts.Motorcycle.EnterVehicleData"/>
  <testcase name="verifyIsEnginePerformanceVisible" time="0.051" classname="testScripts.Motorcycle.EnterVehicleData"/>
  <testcase name="verifyIsEnginePerformancetext" time="0.057" classname="testScripts.Motorcycle.EnterVehicleData"/>
  <testcase name="verifyIsListPriceVisible" time="0.037" classname="testScripts.Motorcycle.EnterVehicleData"/>
  <testcase name="verifyIsListpricetext" time="0.053" classname="testScripts.Motorcycle.EnterVehicleData"/>
  <testcase name="verifyIsMakeVisible" time="0.043" classname="testScripts.Motorcycle.EnterVehicleData"/>
  <testcase name="verifyIsMaketext" time="0.073" classname="testScripts.Motorcycle.EnterVehicleData"/>
  <testcase name="verifyIsModelVisible" time="0.042" classname="testScripts.Motorcycle.EnterVehicleData"/>
  <testcase name="verifyIsModeltext" time="0.052" classname="testScripts.Motorcycle.EnterVehicleData"/>
  <testcase name="verifyIsNextButtonVisible" time="0.034" classname="testScripts.Motorcycle.EnterVehicleData"/>
  <testcase name="verifyIsNextButtontext" time="0.059" classname="testScripts.Motorcycle.EnterVehicleData"/>
  <testcase name="verifyIsNumberOfSeatsVisible" time="0.031" classname="testScripts.Motorcycle.EnterVehicleData"/>
  <testcase name="verifyIsNumberofSeatstext" time="0.057" classname="testScripts.Motorcycle.EnterVehicleData"/>
  <testcase name="verifyIsOpenDateOfCalenderButtonVisible" time="0.035" classname="testScripts.Motorcycle.EnterVehicleData"/>
  <testcase name="verifyIsOpenNextButtonVisible" time="0.031" classname="testScripts.Motorcycle.EnterVehicleData"/>
  <testcase name="verifyIsOpenPrevButtonVisible" time="0.03" classname="testScripts.Motorcycle.EnterVehicleData"/>
  <testcase name="verifyIsSelectMakeMakerSelectable" time="0.337" classname="testScripts.Motorcycle.EnterVehicleData"/>
  <testcase name="verifyIsSelectModelMakerSelectable" time="0.21" classname="testScripts.Motorcycle.EnterVehicleData"/>
  <testcase name="verifyIsSelectnumberofseatsSelectable" time="0.214" classname="testScripts.Motorcycle.EnterVehicleData"/>
  <testcase name="verifyListPriceSelection" time="1.652" classname="testScripts.Motorcycle.EnterVehicleData"/>
  <testcase name="verifyIsOpendateOfcalenderClickable" time="0.279" classname="testScripts.Motorcycle.EnterVehicleData"/>
  <testcase name="verifyIsOpenNextClickable" time="0.266" classname="testScripts.Motorcycle.EnterVehicleData"/>
  <testcase name="verifyIsOpenPrevClickable" time="0.169" classname="testScripts.Motorcycle.EnterVehicleData"/>
  <testcase name="verifyIsNextClickable" time="1.304" classname="testScripts.Motorcycle.EnterVehicleData">
    <failure type="org.openqa.selenium.ElementClickInterceptedException" message="element click intercepted: Element &amp;lt;button id=&amp;quot;nextenterinsurantdata&amp;quot; name=&amp;quot;Next (Enter Insurant Data)&amp;quot; type=&amp;quot;button&amp;quot; class=&amp;quot;next button&amp;quot;&amp;gt;...&amp;lt;/button&amp;gt; is not clickable at point (393, 592). Other element would receive the click: &amp;lt;a class=&amp;quot;ui-state-default&amp;quot; href=&amp;quot;#&amp;quot;&amp;gt;...&amp;lt;/a&amp;gt;
  (Session info: chrome=84.0.4147.135)
Build info: version: &amp;apos;3.141.59&amp;apos;, revision: &amp;apos;e82be7d358&amp;apos;, time: &amp;apos;2018-11-14T08:25:53&amp;apos;
System info: host: &amp;apos;A&amp;apos;, ip: &amp;apos;192.168.1.15&amp;apos;, os.name: &amp;apos;Windows 10&amp;apos;, os.arch: &amp;apos;amd64&amp;apos;, os.version: &amp;apos;10.0&amp;apos;, java.version: &amp;apos;1.8.0_251&amp;apos;
Driver info: org.openqa.selenium.chrome.ChromeDriver
Capabilities {acceptInsecureCerts: false, browserName: chrome, browserVersion: 84.0.4147.135, chrome: {chromedriverVersion: 84.0.4147.30 (48b3e868b4cc0..., userDataDir: C:\Users\admin\AppData\Loca...}, goog:chromeOptions: {debuggerAddress: localhost:63289}, javascriptEnabled: true, networkConnectionEnabled: false, pageLoadStrategy: normal, platform: WINDOWS, platformName: WINDOWS, proxy: Proxy(), setWindowRect: true, strictFileInteractability: false, timeouts: {implicit: 0, pageLoad: 300000, script: 30000}, unhandledPromptBehavior: dismiss and notify, webauthn:virtualAuthenticators: true}
Session ID: d2083c3a74f761472736b6af6e125cb9">
      <![CDATA[org.openqa.selenium.ElementClickInterceptedException: element click intercepted: Element <button id="nextenterinsurantdata" name="Next (Enter Insurant Data)" type="button" class="next button">...</button> is not clickable at point (393, 592). Other element would receive the click: <a class="ui-state-default" href="#">...</a>
  (Session info: chrome=84.0.4147.135)
Build info: version: '3.141.59', revision: 'e82be7d358', time: '2018-11-14T08:25:53'
System info: host: 'A', ip: '192.168.1.15', os.name: 'Windows 10', os.arch: 'amd64', os.version: '10.0', java.version: '1.8.0_251'
Driver info: org.openqa.selenium.chrome.ChromeDriver
Capabilities {acceptInsecureCerts: false, browserName: chrome, browserVersion: 84.0.4147.135, chrome: {chromedriverVersion: 84.0.4147.30 (48b3e868b4cc0..., userDataDir: C:\Users\admin\AppData\Loca...}, goog:chromeOptions: {debuggerAddress: localhost:63289}, javascriptEnabled: true, networkConnectionEnabled: false, pageLoadStrategy: normal, platform: WINDOWS, platformName: WINDOWS, proxy: Proxy(), setWindowRect: true, strictFileInteractability: false, timeouts: {implicit: 0, pageLoad: 300000, script: 30000}, unhandledPromptBehavior: dismiss and notify, webauthn:virtualAuthenticators: true}
Session ID: d2083c3a74f761472736b6af6e125cb9
	at org.openqa.selenium.remote.http.W3CHttpResponseCodec.createException(W3CHttpResponseCodec.java:187)
	at org.openqa.selenium.remote.http.W3CHttpResponseCodec.decode(W3CHttpResponseCodec.java:122)
	at org.openqa.selenium.remote.http.W3CHttpResponseCodec.decode(W3CHttpResponseCodec.java:49)
	at org.openqa.selenium.remote.HttpCommandExecutor.execute(HttpCommandExecutor.java:158)
	at org.openqa.selenium.remote.service.DriverCommandExecutor.execute(DriverCommandExecutor.java:83)
	at org.openqa.selenium.remote.RemoteWebDriver.execute(RemoteWebDriver.java:552)
	at org.openqa.selenium.remote.RemoteWebElement.execute(RemoteWebElement.java:285)
	at org.openqa.selenium.remote.RemoteWebElement.click(RemoteWebElement.java:84)
	at pages.Motorcycle.EnterVehicleData.clickNextButton(EnterVehicleData.java:217)
	at testScripts.Motorcycle.EnterVehicleData.verifyIsNextClickable(EnterVehicleData.java:169)
... Removed 29 stack frames]]>
    </failure>
  </testcase> <!-- verifyIsNextClickable -->
  <testcase name="hobbiesOptionsVisible" time="0.0" classname="testScripts.Motorcycle.EnterInsuranceData">
    <skipped/>
  </testcase> <!-- hobbiesOptionsVisible -->
  <testcase name="invalidFirstName" time="0.0" classname="testScripts.Motorcycle.EnterInsuranceData">
    <skipped/>
  </testcase> <!-- invalidFirstName -->
  <testcase name="invalidLastName" time="0.0" classname="testScripts.Motorcycle.EnterInsuranceData">
    <skipped/>
  </testcase> <!-- invalidLastName -->
  <testcase name="invalidWebsitentry" time="0.0" classname="testScripts.Motorcycle.EnterInsuranceData">
    <skipped/>
  </testcase> <!-- invalidWebsitentry -->
  <testcase name="invalidZipCode" time="0.0" classname="testScripts.Motorcycle.EnterInsuranceData">
    <skipped/>
  </testcase> <!-- invalidZipCode -->
  <testcase name="isHobbiesCheckBoxVisible" time="0.093" classname="testScripts.Motorcycle.EnterInsuranceData"/>
  <testcase name="isHobbiesLabelVisible" time="0.041" classname="testScripts.Motorcycle.EnterInsuranceData"/>
  <testcase name="isNextButtonVisible" time="0.044" classname="testScripts.Motorcycle.EnterInsuranceData"/>
  <testcase name="isPictureLabelVisible" time="0.036" classname="testScripts.Motorcycle.EnterInsuranceData"/>
  <testcase name="isPrevButtonVisible" time="0.03" classname="testScripts.Motorcycle.EnterInsuranceData"/>
  <testcase name="isWebsiteLabelVisible" time="0.034" classname="testScripts.Motorcycle.EnterInsuranceData"/>
  <testcase name="isWebsiteTextBoxVisible" time="0.029" classname="testScripts.Motorcycle.EnterInsuranceData"/>
  <testcase name="occupationOptionsVisible" time="0.0" classname="testScripts.Motorcycle.EnterInsuranceData">
    <skipped/>
  </testcase> <!-- occupationOptionsVisible -->
  <testcase name="selectPicture" time="25.367" classname="testScripts.Motorcycle.EnterInsuranceData">
    <failure type="java.lang.AssertionError" message="expected [true] but found [false]">
      <![CDATA[java.lang.AssertionError: expected [true] but found [false]
	at testScripts.Motorcycle.EnterInsuranceData.selectPicture(EnterInsuranceData.java:111)
... Removed 31 stack frames]]>
    </failure>
  </testcase> <!-- selectPicture -->
  <testcase name="validCountryDropDown" time="0.597" classname="testScripts.Motorcycle.EnterInsuranceData"/>
  <testcase name="validFirstName" time="0.0" classname="testScripts.Motorcycle.EnterInsuranceData">
    <skipped/>
  </testcase> <!-- validFirstName -->
  <testcase name="validHobbiesSelection" time="0.248" classname="testScripts.Motorcycle.EnterInsuranceData"/>
  <testcase name="validLastName" time="0.0" classname="testScripts.Motorcycle.EnterInsuranceData">
    <skipped/>
  </testcase> <!-- validLastName -->
  <testcase name="validOccupationDropDown" time="0.421" classname="testScripts.Motorcycle.EnterInsuranceData"/>
  <testcase name="validWebsiteEntry" time="0.0" classname="testScripts.Motorcycle.EnterInsuranceData">
    <skipped/>
  </testcase> <!-- validWebsiteEntry -->
  <testcase name="validZipCode" time="0.0" classname="testScripts.Motorcycle.EnterInsuranceData">
    <skipped/>
  </testcase> <!-- validZipCode -->
  <testcase name="verifyNextButtonText" time="0.068" classname="testScripts.Motorcycle.EnterInsuranceData"/>
  <testcase name="verifyOnClickPrevButton" time="0.499" classname="testScripts.Motorcycle.EnterInsuranceData"/>
  <testcase name="verifyPrevButtonText" time="0.124" classname="testScripts.Motorcycle.EnterInsuranceData"/>
  <testcase name="verifyOnClickNextButton" time="2.361" classname="testScripts.Motorcycle.EnterInsuranceData"/>
  <testcase name="checkNextLabelInsSum" time="0.107" classname="testScripts.Motorcycle.EnterProductData"/>
  <testcase name="damageInsuranceLabelVisible" time="0.04" classname="testScripts.Motorcycle.EnterProductData"/>
  <testcase name="damageInsuranceOptionsVisible" time="0.0" classname="testScripts.Motorcycle.EnterProductData">
    <skipped/>
  </testcase> <!-- damageInsuranceOptionsVisible -->
  <testcase name="hobbiesOptionsVisible" time="0.0" classname="testScripts.Motorcycle.EnterProductData">
    <skipped/>
  </testcase> <!-- hobbiesOptionsVisible -->
  <testcase name="isCalendarButtonClickable" time="0.189" classname="testScripts.Motorcycle.EnterProductData"/>
  <testcase name="isDamageInsuranceDropDownVisible" time="0.042" classname="testScripts.Motorcycle.EnterProductData"/>
  <testcase name="isInsuranceSumDropDownVisible" time="0.054" classname="testScripts.Motorcycle.EnterProductData"/>
  <testcase name="isInsuranceSumLabelVisible" time="0.034" classname="testScripts.Motorcycle.EnterProductData"/>
  <testcase name="isNextButtonVisible" time="0.071" classname="testScripts.Motorcycle.EnterProductData"/>
  <testcase name="isOptionalProductTextBoxVisible" time="0.075" classname="testScripts.Motorcycle.EnterProductData"/>
  <testcase name="isOptionalProductsLabelVisible" time="0.037" classname="testScripts.Motorcycle.EnterProductData"/>
  <testcase name="isPrevButtonVisible" time="0.048" classname="testScripts.Motorcycle.EnterProductData"/>
  <testcase name="isStartDateLabelVisible" time="0.03" classname="testScripts.Motorcycle.EnterProductData"/>
  <testcase name="isStartDateTextBoxVisible" time="0.053" classname="testScripts.Motorcycle.EnterProductData"/>
  <testcase name="validDamageInsuranceDropDownSelection" time="0.223" classname="testScripts.Motorcycle.EnterProductData"/>
  <testcase name="validInsuranceDropDown" time="0.187" classname="testScripts.Motorcycle.EnterProductData"/>
  <testcase name="validStartDateText" time="0.0" classname="testScripts.Motorcycle.EnterProductData">
    <skipped/>
  </testcase> <!-- validStartDateText -->
  <testcase name="verifyNextButtonText" time="0.053" classname="testScripts.Motorcycle.EnterProductData"/>
  <testcase name="verifyOnClickPrevButton" time="1.165" classname="testScripts.Motorcycle.EnterProductData">
    <failure type="org.openqa.selenium.ElementClickInterceptedException" message="element click intercepted: Element &amp;lt;button id=&amp;quot;preventerinsurancedata&amp;quot; name=&amp;quot;Prev (Enter Insurance Data)&amp;quot; type=&amp;quot;button&amp;quot; class=&amp;quot;prev&amp;quot;&amp;gt;...&amp;lt;/button&amp;gt; is not clickable at point (392, 415). Other element would receive the click: &amp;lt;div id=&amp;quot;ui-datepicker-div&amp;quot; class=&amp;quot;ui-datepicker ui-widget ui-widget-content ui-helper-clearfix ui-corner-all&amp;quot; style=&amp;quot;position: absolute; top: 362.594px; left: 345.5px; z-index: 1; display: block; width: 290px;&amp;quot;&amp;gt;...&amp;lt;/div&amp;gt;
  (Session info: chrome=84.0.4147.135)
Build info: version: &amp;apos;3.141.59&amp;apos;, revision: &amp;apos;e82be7d358&amp;apos;, time: &amp;apos;2018-11-14T08:25:53&amp;apos;
System info: host: &amp;apos;A&amp;apos;, ip: &amp;apos;192.168.1.15&amp;apos;, os.name: &amp;apos;Windows 10&amp;apos;, os.arch: &amp;apos;amd64&amp;apos;, os.version: &amp;apos;10.0&amp;apos;, java.version: &amp;apos;1.8.0_251&amp;apos;
Driver info: org.openqa.selenium.chrome.ChromeDriver
Capabilities {acceptInsecureCerts: false, browserName: chrome, browserVersion: 84.0.4147.135, chrome: {chromedriverVersion: 84.0.4147.30 (48b3e868b4cc0..., userDataDir: C:\Users\admin\AppData\Loca...}, goog:chromeOptions: {debuggerAddress: localhost:63289}, javascriptEnabled: true, networkConnectionEnabled: false, pageLoadStrategy: normal, platform: WINDOWS, platformName: WINDOWS, proxy: Proxy(), setWindowRect: true, strictFileInteractability: false, timeouts: {implicit: 0, pageLoad: 300000, script: 30000}, unhandledPromptBehavior: dismiss and notify, webauthn:virtualAuthenticators: true}
Session ID: d2083c3a74f761472736b6af6e125cb9">
      <![CDATA[org.openqa.selenium.ElementClickInterceptedException: element click intercepted: Element <button id="preventerinsurancedata" name="Prev (Enter Insurance Data)" type="button" class="prev">...</button> is not clickable at point (392, 415). Other element would receive the click: <div id="ui-datepicker-div" class="ui-datepicker ui-widget ui-widget-content ui-helper-clearfix ui-corner-all" style="position: absolute; top: 362.594px; left: 345.5px; z-index: 1; display: block; width: 290px;">...</div>
  (Session info: chrome=84.0.4147.135)
Build info: version: '3.141.59', revision: 'e82be7d358', time: '2018-11-14T08:25:53'
System info: host: 'A', ip: '192.168.1.15', os.name: 'Windows 10', os.arch: 'amd64', os.version: '10.0', java.version: '1.8.0_251'
Driver info: org.openqa.selenium.chrome.ChromeDriver
Capabilities {acceptInsecureCerts: false, browserName: chrome, browserVersion: 84.0.4147.135, chrome: {chromedriverVersion: 84.0.4147.30 (48b3e868b4cc0..., userDataDir: C:\Users\admin\AppData\Loca...}, goog:chromeOptions: {debuggerAddress: localhost:63289}, javascriptEnabled: true, networkConnectionEnabled: false, pageLoadStrategy: normal, platform: WINDOWS, platformName: WINDOWS, proxy: Proxy(), setWindowRect: true, strictFileInteractability: false, timeouts: {implicit: 0, pageLoad: 300000, script: 30000}, unhandledPromptBehavior: dismiss and notify, webauthn:virtualAuthenticators: true}
Session ID: d2083c3a74f761472736b6af6e125cb9
	at org.openqa.selenium.remote.http.W3CHttpResponseCodec.createException(W3CHttpResponseCodec.java:187)
	at org.openqa.selenium.remote.http.W3CHttpResponseCodec.decode(W3CHttpResponseCodec.java:122)
	at org.openqa.selenium.remote.http.W3CHttpResponseCodec.decode(W3CHttpResponseCodec.java:49)
	at org.openqa.selenium.remote.HttpCommandExecutor.execute(HttpCommandExecutor.java:158)
	at org.openqa.selenium.remote.service.DriverCommandExecutor.execute(DriverCommandExecutor.java:83)
	at org.openqa.selenium.remote.RemoteWebDriver.execute(RemoteWebDriver.java:552)
	at org.openqa.selenium.remote.RemoteWebElement.execute(RemoteWebElement.java:285)
	at org.openqa.selenium.remote.RemoteWebElement.click(RemoteWebElement.java:84)
	at pages.Motorcycle.EnterProductData.ClickPrev(EnterProductData.java:153)
	at testScripts.Motorcycle.EnterProductData.verifyOnClickPrevButton(EnterProductData.java:116)
... Removed 29 stack frames]]>
    </failure>
  </testcase> <!-- verifyOnClickPrevButton -->
  <testcase name="verifyPrevButtonText" time="0.045" classname="testScripts.Motorcycle.EnterProductData"/>
  <testcase name="verifyIsSelectpriceoptionVisible" time="0.579" classname="testScripts.Motorcycle.SelectPriceOption"/>
  <testcase name="verifyIsSelectpriceoptiontext" time="0.526" classname="testScripts.Motorcycle.SelectPriceOption"/>
  <testcase name="verifyIsSelectpriceoptionClickable" time="0.688" classname="testScripts.Motorcycle.SelectPriceOption"/>
  <testcase name="verifyIsSelectpriceoption1text" time="0.245" classname="testScripts.Motorcycle.SelectPriceOption"/>
  <testcase name="verifyIsSelectpriceoption1Clickable" time="0.144" classname="testScripts.Motorcycle.SelectPriceOption"/>
  <testcase name="verifyIsCommentsVisible" time="0.046" classname="testScripts.Motorcycle.SendQuote"/>
  <testcase name="verifyIsConfirmpasswordVisible" time="0.034" classname="testScripts.Motorcycle.SendQuote"/>
  <testcase name="verifyIsEmailVisible" time="0.031" classname="testScripts.Motorcycle.SendQuote"/>
  <testcase name="verifyIsMainpageVisible" time="0.029" classname="testScripts.Motorcycle.SendQuote"/>
  <testcase name="verifyIsNewautomobileinsuranceVisible" time="0.031" classname="testScripts.Motorcycle.SendQuote"/>
  <testcase name="verifyIsNewcamperinsuranceVisible" time="0.032" classname="testScripts.Motorcycle.SendQuote"/>
  <testcase name="verifyIsNewtruckinsuranceVisible" time="0.03" classname="testScripts.Motorcycle.SendQuote"/>
  <testcase name="verifyIsPasswordVisible" time="0.03" classname="testScripts.Motorcycle.SendQuote"/>
  <testcase name="verifyIsPhoneVisible" time="0.03" classname="testScripts.Motorcycle.SendQuote"/>
  <testcase name="verifyIsPrevVisible" time="0.032" classname="testScripts.Motorcycle.SendQuote"/>
  <testcase name="verifyIsSendemailVisible" time="0.033" classname="testScripts.Motorcycle.SendQuote"/>
  <testcase name="verifyIsUsernameVisible" time="0.03" classname="testScripts.Motorcycle.SendQuote"/>
  <testcase name="enterandVerifySendQuotesPage" time="7.737" classname="testScripts.Motorcycle.SendQuote"/>
</testsuite> <!-- Motorcycle -->
