<?xml version="1.0" encoding="UTF-8"?>
<!-- Generated by org.testng.reporters.JUnitXMLReporter -->
<testsuite hostname="a" name="Default test" tests="13" failures="0" timestamp="15 Aug 2020 09:33:33 GMT" time="0.162" errors="0">
  <testcase name="@BeforeTest launchBrowser" time="0.0" classname="testScripts.Motorcycle.SendQuote">
    <failure type="org.testng.TestNGException" message="
Parameter &amp;apos;browser&amp;apos; is required by @Configuration on method launchBrowser but has not been marked @Optional or defined
in C:\Users\admin\AppData\Local\Temp\testng-eclipse--1629230560\testng-customsuite.xml">
      <![CDATA[org.testng.TestNGException: 
Parameter 'browser' is required by @Configuration on method launchBrowser but has not been marked @Optional or defined
in C:\Users\admin\AppData\Local\Temp\testng-eclipse--1629230560\testng-customsuite.xml
	at org.testng.internal.Parameters.createParameters(Parameters.java:154)
	at org.testng.internal.Parameters.createParameters(Parameters.java:361)
	at org.testng.internal.Parameters.createConfigurationParameters(Parameters.java:84)
	at org.testng.internal.Invoker.invokeConfigurations(Invoker.java:202)
	at org.testng.internal.Invoker.invokeConfigurations(Invoker.java:143)
	at org.testng.TestRunner.beforeRun(TestRunner.java:656)
	at org.testng.TestRunner.run(TestRunner.java:624)
	at org.testng.SuiteRunner.runTest(SuiteRunner.java:366)
	at org.testng.SuiteRunner.runSequentially(SuiteRunner.java:361)
	at org.testng.SuiteRunner.privateRun(SuiteRunner.java:319)
	at org.testng.SuiteRunner.run(SuiteRunner.java:268)
	at org.testng.SuiteRunnerWorker.runSuite(SuiteRunnerWorker.java:52)
	at org.testng.SuiteRunnerWorker.run(SuiteRunnerWorker.java:86)
	at org.testng.TestNG.runSuitesSequentially(TestNG.java:1225)
	at org.testng.TestNG.runSuitesLocally(TestNG.java:1150)
	at org.testng.TestNG.runSuites(TestNG.java:1075)
	at org.testng.TestNG.run(TestNG.java:1047)
	at org.testng.remote.AbstractRemoteTestNG.run(AbstractRemoteTestNG.java:126)
	at org.testng.remote.RemoteTestNG.initAndRun(RemoteTestNG.java:137)
	at org.testng.remote.RemoteTestNG.main(RemoteTestNG.java:58)
]]>
    </failure>
  </testcase> <!-- @BeforeTest launchBrowser -->
  <testcase name="@AfterTest quitBrower" time="0.0" classname="testScripts.Motorcycle.SendQuote">
    <skipped/>
  </testcase> <!-- @AfterTest quitBrower -->
  <testcase name="enterandVerifySendQuotesPage" time="0.003" classname="testScripts.Motorcycle.SendQuote">
    <skipped/>
  </testcase> <!-- enterandVerifySendQuotesPage -->
  <testcase name="verifyIsCommentsVisible" time="0.015" classname="testScripts.Motorcycle.SendQuote">
    <skipped/>
  </testcase> <!-- verifyIsCommentsVisible -->
  <testcase name="verifyIsConfirmpasswordVisible" time="0.003" classname="testScripts.Motorcycle.SendQuote">
    <skipped/>
  </testcase> <!-- verifyIsConfirmpasswordVisible -->
  <testcase name="verifyIsEmailVisible" time="0.008" classname="testScripts.Motorcycle.SendQuote">
    <skipped/>
  </testcase> <!-- verifyIsEmailVisible -->
  <testcase name="verifyIsMainpageVisible" time="0.003" classname="testScripts.Motorcycle.SendQuote">
    <skipped/>
  </testcase> <!-- verifyIsMainpageVisible -->
  <testcase name="verifyIsNewautomobileinsuranceVisible" time="0.002" classname="testScripts.Motorcycle.SendQuote">
    <skipped/>
  </testcase> <!-- verifyIsNewautomobileinsuranceVisible -->
  <testcase name="verifyIsNewcamperinsuranceVisible" time="0.002" classname="testScripts.Motorcycle.SendQuote">
    <skipped/>
  </testcase> <!-- verifyIsNewcamperinsuranceVisible -->
  <testcase name="verifyIsNewtruckinsuranceVisible" time="0.002" classname="testScripts.Motorcycle.SendQuote">
    <skipped/>
  </testcase> <!-- verifyIsNewtruckinsuranceVisible -->
  <testcase name="verifyIsPasswordVisible" time="0.002" classname="testScripts.Motorcycle.SendQuote">
    <skipped/>
  </testcase> <!-- verifyIsPasswordVisible -->
  <testcase name="verifyIsPhoneVisible" time="0.002" classname="testScripts.Motorcycle.SendQuote">
    <skipped/>
  </testcase> <!-- verifyIsPhoneVisible -->
  <testcase name="verifyIsPrevVisible" time="0.002" classname="testScripts.Motorcycle.SendQuote">
    <skipped/>
  </testcase> <!-- verifyIsPrevVisible -->
  <testcase name="verifyIsSendemailVisible" time="0.001" classname="testScripts.Motorcycle.SendQuote">
    <skipped/>
  </testcase> <!-- verifyIsSendemailVisible -->
  <testcase name="verifyIsUsernameVisible" time="0.003" classname="testScripts.Motorcycle.SendQuote">
    <skipped/>
  </testcase> <!-- verifyIsUsernameVisible -->
</testsuite> <!-- Default test -->
